ERROR - 2025-01-10 02:08:24 --> Error connecting to the database: ErrorException: pg_connect(): Unable to connect to PostgreSQL server: connection to server at "db" (172.18.0.2), port 5433 failed: Connection refused
	Is the server running on that host and accepting TCP/IP connections? in /var/www/html/system/Database/Postgre/Connection.php:77
Stack trace:
#0 [internal function]: CodeIgniter\Debug\Exceptions->errorHandler(2, 'pg_connect(): U...', '/var/www/html/s...', 77)
#1 /var/www/html/system/Database/Postgre/Connection.php(77): pg_connect('host=db port=54...')
#2 /var/www/html/system/Database/BaseConnection.php(421): CodeIgniter\Database\Postgre\Connection->connect(false)
#3 /var/www/html/system/Database/BaseConnection.php(616): CodeIgniter\Database\BaseConnection->initialize()
#4 /var/www/html/system/Database/BaseConnection.php(1485): CodeIgniter\Database\BaseConnection->query('SELECT "table_n...')
#5 /var/www/html/system/Database/BaseConnection.php(1505): CodeIgniter\Database\BaseConnection->listTables()
#6 /var/www/html/system/Database/MigrationRunner.php(759): CodeIgniter\Database\BaseConnection->tableExists('migrations')
#7 /var/www/html/system/Database/MigrationRunner.php(163): CodeIgniter\Database\MigrationRunner->ensureTable()
#8 /var/www/html/system/Commands/Database/Migrate.php(85): CodeIgniter\Database\MigrationRunner->latest(NULL)
#9 /var/www/html/system/CLI/Commands.php(70): CodeIgniter\Commands\Database\Migrate->run(Array)
#10 /var/www/html/system/CLI/Console.php(48): CodeIgniter\CLI\Commands->run('migrate', Array)
#11 /var/www/html/system/Boot.php(351): CodeIgniter\CLI\Console->run()
#12 /var/www/html/system/Boot.php(104): CodeIgniter\Boot::runCommand(Object(CodeIgniter\CLI\Console))
#13 /var/www/html/spark(84): CodeIgniter\Boot::bootSpark(Object(Config\Paths))
#14 {main}
ERROR - 2025-01-10 02:14:40 --> Error connecting to the database: ErrorException: pg_connect(): Unable to connect to PostgreSQL server: connection to server at "db" (172.18.0.2), port 5433 failed: Connection refused
	Is the server running on that host and accepting TCP/IP connections? in /var/www/html/system/Database/Postgre/Connection.php:77
Stack trace:
#0 [internal function]: CodeIgniter\Debug\Exceptions->errorHandler(2, 'pg_connect(): U...', '/var/www/html/s...', 77)
#1 /var/www/html/system/Database/Postgre/Connection.php(77): pg_connect('host=db port=54...')
#2 /var/www/html/system/Database/BaseConnection.php(421): CodeIgniter\Database\Postgre\Connection->connect(false)
#3 /var/www/html/system/Database/BaseConnection.php(616): CodeIgniter\Database\BaseConnection->initialize()
#4 /var/www/html/system/Database/BaseConnection.php(1485): CodeIgniter\Database\BaseConnection->query('SELECT "table_n...')
#5 /var/www/html/system/Database/BaseConnection.php(1505): CodeIgniter\Database\BaseConnection->listTables()
#6 /var/www/html/system/Database/MigrationRunner.php(759): CodeIgniter\Database\BaseConnection->tableExists('migrations')
#7 /var/www/html/system/Database/MigrationRunner.php(163): CodeIgniter\Database\MigrationRunner->ensureTable()
#8 /var/www/html/system/Commands/Database/Migrate.php(85): CodeIgniter\Database\MigrationRunner->latest(NULL)
#9 /var/www/html/system/CLI/Commands.php(70): CodeIgniter\Commands\Database\Migrate->run(Array)
#10 /var/www/html/system/CLI/Console.php(48): CodeIgniter\CLI\Commands->run('migrate', Array)
#11 /var/www/html/system/Boot.php(351): CodeIgniter\CLI\Console->run()
#12 /var/www/html/system/Boot.php(104): CodeIgniter\Boot::runCommand(Object(CodeIgniter\CLI\Console))
#13 /var/www/html/spark(84): CodeIgniter\Boot::bootSpark(Object(Config\Paths))
#14 {main}
ERROR - 2025-01-10 02:24:38 --> Error connecting to the database: ErrorException: pg_connect(): Unable to connect to PostgreSQL server: connection to server at "db" (172.18.0.2), port 5433 failed: Connection refused
	Is the server running on that host and accepting TCP/IP connections? in /var/www/html/system/Database/Postgre/Connection.php:77
Stack trace:
#0 [internal function]: CodeIgniter\Debug\Exceptions->errorHandler(2, 'pg_connect(): U...', '/var/www/html/s...', 77)
#1 /var/www/html/system/Database/Postgre/Connection.php(77): pg_connect('host=db port=54...')
#2 /var/www/html/system/Database/BaseConnection.php(421): CodeIgniter\Database\Postgre\Connection->connect(false)
#3 /var/www/html/system/Database/BaseConnection.php(616): CodeIgniter\Database\BaseConnection->initialize()
#4 /var/www/html/system/Database/BaseConnection.php(1485): CodeIgniter\Database\BaseConnection->query('SELECT "table_n...')
#5 /var/www/html/system/Database/BaseConnection.php(1505): CodeIgniter\Database\BaseConnection->listTables()
#6 /var/www/html/system/Database/MigrationRunner.php(759): CodeIgniter\Database\BaseConnection->tableExists('migrations')
#7 /var/www/html/system/Database/MigrationRunner.php(163): CodeIgniter\Database\MigrationRunner->ensureTable()
#8 /var/www/html/system/Commands/Database/Migrate.php(85): CodeIgniter\Database\MigrationRunner->latest(NULL)
#9 /var/www/html/system/CLI/Commands.php(70): CodeIgniter\Commands\Database\Migrate->run(Array)
#10 /var/www/html/system/CLI/Console.php(48): CodeIgniter\CLI\Commands->run('migrate', Array)
#11 /var/www/html/system/Boot.php(351): CodeIgniter\CLI\Console->run()
#12 /var/www/html/system/Boot.php(104): CodeIgniter\Boot::runCommand(Object(CodeIgniter\CLI\Console))
#13 /var/www/html/spark(84): CodeIgniter\Boot::bootSpark(Object(Config\Paths))
#14 {main}
ERROR - 2025-01-10 02:50:35 --> Error connecting to the database: ErrorException: pg_connect(): Unable to connect to PostgreSQL server: connection to server at "db" (172.18.0.2), port 5433 failed: Connection refused
	Is the server running on that host and accepting TCP/IP connections? in /var/www/html/system/Database/Postgre/Connection.php:77
Stack trace:
#0 [internal function]: CodeIgniter\Debug\Exceptions->errorHandler(2, 'pg_connect(): U...', '/var/www/html/s...', 77)
#1 /var/www/html/system/Database/Postgre/Connection.php(77): pg_connect('host=db port=54...')
#2 /var/www/html/system/Database/BaseConnection.php(421): CodeIgniter\Database\Postgre\Connection->connect(false)
#3 /var/www/html/system/Database/BaseConnection.php(616): CodeIgniter\Database\BaseConnection->initialize()
#4 /var/www/html/system/Database/BaseConnection.php(1485): CodeIgniter\Database\BaseConnection->query('SELECT "table_n...')
#5 /var/www/html/system/Database/BaseConnection.php(1505): CodeIgniter\Database\BaseConnection->listTables()
#6 /var/www/html/system/Database/MigrationRunner.php(759): CodeIgniter\Database\BaseConnection->tableExists('migrations')
#7 /var/www/html/system/Database/MigrationRunner.php(163): CodeIgniter\Database\MigrationRunner->ensureTable()
#8 /var/www/html/system/Commands/Database/Migrate.php(85): CodeIgniter\Database\MigrationRunner->latest(NULL)
#9 /var/www/html/system/CLI/Commands.php(70): CodeIgniter\Commands\Database\Migrate->run(Array)
#10 /var/www/html/system/CLI/Console.php(48): CodeIgniter\CLI\Commands->run('migrate', Array)
#11 /var/www/html/system/Boot.php(351): CodeIgniter\CLI\Console->run()
#12 /var/www/html/system/Boot.php(104): CodeIgniter\Boot::runCommand(Object(CodeIgniter\CLI\Console))
#13 /var/www/html/spark(84): CodeIgniter\Boot::bootSpark(Object(Config\Paths))
#14 {main}
ERROR - 2025-01-10 02:56:46 --> Error connecting to the database: ErrorException: pg_connect(): Unable to connect to PostgreSQL server: connection to server at "db" (172.18.0.2), port 5433 failed: Connection refused
	Is the server running on that host and accepting TCP/IP connections? in /var/www/html/system/Database/Postgre/Connection.php:77
Stack trace:
#0 [internal function]: CodeIgniter\Debug\Exceptions->errorHandler(2, 'pg_connect(): U...', '/var/www/html/s...', 77)
#1 /var/www/html/system/Database/Postgre/Connection.php(77): pg_connect('host=db port=54...')
#2 /var/www/html/system/Database/BaseConnection.php(421): CodeIgniter\Database\Postgre\Connection->connect(false)
#3 /var/www/html/system/Database/BaseConnection.php(616): CodeIgniter\Database\BaseConnection->initialize()
#4 /var/www/html/system/Database/BaseConnection.php(1485): CodeIgniter\Database\BaseConnection->query('SELECT "table_n...')
#5 /var/www/html/system/Database/BaseConnection.php(1505): CodeIgniter\Database\BaseConnection->listTables()
#6 /var/www/html/system/Database/MigrationRunner.php(759): CodeIgniter\Database\BaseConnection->tableExists('migrations')
#7 /var/www/html/system/Database/MigrationRunner.php(163): CodeIgniter\Database\MigrationRunner->ensureTable()
#8 /var/www/html/system/Commands/Database/Migrate.php(85): CodeIgniter\Database\MigrationRunner->latest(NULL)
#9 /var/www/html/system/CLI/Commands.php(70): CodeIgniter\Commands\Database\Migrate->run(Array)
#10 /var/www/html/system/CLI/Console.php(48): CodeIgniter\CLI\Commands->run('migrate', Array)
#11 /var/www/html/system/Boot.php(351): CodeIgniter\CLI\Console->run()
#12 /var/www/html/system/Boot.php(104): CodeIgniter\Boot::runCommand(Object(CodeIgniter\CLI\Console))
#13 /var/www/html/spark(84): CodeIgniter\Boot::bootSpark(Object(Config\Paths))
#14 {main}
