CRITICAL - 2025-01-09 14:28:58 --> Error: Class "App\Models\TopicsModel" not found
[Method: GET, Route: topik]
in APPPATH\Controllers\TopicsController.php on line 12.
 1 SYSTEMPATH\CodeIgniter.php(933): App\Controllers\TopicsController->showTopics()
 2 SYSTEMPATH\CodeIgniter.php(509): CodeIgniter\CodeIgniter->runController(Object(App\Controllers\TopicsController))
 3 SYSTEMPATH\CodeIgniter.php(355): CodeIgniter\CodeIgniter->handleRequest(null, Object(Config\Cache), false)
 4 SYSTEMPATH\Boot.php(325): CodeIgniter\CodeIgniter->run()
 5 SYSTEMPATH\Boot.php(67): CodeIgniter\Boot::runCodeIgniter(Object(CodeIgniter\CodeIgniter))
 6 FCPATH\index.php(56): CodeIgniter\Boot::bootWeb(Object(Config\Paths))
 7 SYSTEMPATH\rewrite.php(44): require_once('C:\\Users\\natan\\OneDrive\\Documents\\Semester 5\\tubesTST\\tugas2\\public\\index.php')
INFO - 2025-01-09 14:45:43 --> Session: Class initialized using 'CodeIgniter\Session\Handlers\FileHandler' driver.
INFO - 2025-01-09 14:46:14 --> Session: Class initialized using 'CodeIgniter\Session\Handlers\FileHandler' driver.
INFO - 2025-01-09 14:46:28 --> Session: Class initialized using 'CodeIgniter\Session\Handlers\FileHandler' driver.
INFO - 2025-01-09 14:46:28 --> Session: Class initialized using 'CodeIgniter\Session\Handlers\FileHandler' driver.
INFO - 2025-01-09 14:46:34 --> Session: Class initialized using 'CodeIgniter\Session\Handlers\FileHandler' driver.
INFO - 2025-01-09 14:46:44 --> Session: Class initialized using 'CodeIgniter\Session\Handlers\FileHandler' driver.
INFO - 2025-01-09 16:48:02 --> Session: Class initialized using 'CodeIgniter\Session\Handlers\FileHandler' driver.
INFO - 2025-01-09 16:55:31 --> Session: Class initialized using 'CodeIgniter\Session\Handlers\FileHandler' driver.
INFO - 2025-01-09 16:56:52 --> Session: Class initialized using 'CodeIgniter\Session\Handlers\FileHandler' driver.
INFO - 2025-01-09 16:56:52 --> Session: Class initialized using 'CodeIgniter\Session\Handlers\FileHandler' driver.
INFO - 2025-01-09 16:58:02 --> Session: Class initialized using 'CodeIgniter\Session\Handlers\FileHandler' driver.
INFO - 2025-01-09 16:58:12 --> Session: Class initialized using 'CodeIgniter\Session\Handlers\FileHandler' driver.
INFO - 2025-01-09 16:59:35 --> Session: Class initialized using 'CodeIgniter\Session\Handlers\FileHandler' driver.
ERROR - 2025-01-09 17:04:27 --> ErrorException: pg_query(): Query failed: ERROR:  type "enum" does not exist
LINE 6:  "role" ENUM('student','admin') NOT NULL,
                ^ in C:\Users\natan\OneDrive\Documents\Semester 5\tubesTST\tugas2\system\Database\Postgre\Connection.php:204
Stack trace:
#0 [internal function]: CodeIgniter\Debug\Exceptions->errorHandler(2, 'pg_query(): Que...', 'C:\\Users\\natan\\...', 204)
#1 C:\Users\natan\OneDrive\Documents\Semester 5\tubesTST\tugas2\system\Database\Postgre\Connection.php(204): pg_query(Object(PgSql\Connection), 'CREATE TABLE "u...')
#2 C:\Users\natan\OneDrive\Documents\Semester 5\tubesTST\tugas2\system\Database\BaseConnection.php(734): CodeIgniter\Database\Postgre\Connection->execute('CREATE TABLE "u...')
#3 C:\Users\natan\OneDrive\Documents\Semester 5\tubesTST\tugas2\system\Database\BaseConnection.php(648): CodeIgniter\Database\BaseConnection->simpleQuery('CREATE TABLE "u...')
#4 C:\Users\natan\OneDrive\Documents\Semester 5\tubesTST\tugas2\system\Database\Forge.php(570): CodeIgniter\Database\BaseConnection->query('CREATE TABLE "u...')
#5 C:\Users\natan\OneDrive\Documents\Semester 5\tubesTST\tugas2\app\Database\Migrations\2025-01-09-152827_CreateUsersphp.php(41): CodeIgniter\Database\Forge->createTable('users')
#6 C:\Users\natan\OneDrive\Documents\Semester 5\tubesTST\tugas2\system\Database\MigrationRunner.php(867): App\Database\Migrations\CreateUsers->up()
#7 C:\Users\natan\OneDrive\Documents\Semester 5\tubesTST\tugas2\system\Database\MigrationRunner.php(183): CodeIgniter\Database\MigrationRunner->migrate('up', Object(stdClass))
#8 C:\Users\natan\OneDrive\Documents\Semester 5\tubesTST\tugas2\system\Commands\Database\Migrate.php(85): CodeIgniter\Database\MigrationRunner->latest(NULL)
#9 C:\Users\natan\OneDrive\Documents\Semester 5\tubesTST\tugas2\system\CLI\Commands.php(70): CodeIgniter\Commands\Database\Migrate->run(Array)
#10 C:\Users\natan\OneDrive\Documents\Semester 5\tubesTST\tugas2\system\CLI\Console.php(48): CodeIgniter\CLI\Commands->run('migrate', Array)
#11 C:\Users\natan\OneDrive\Documents\Semester 5\tubesTST\tugas2\system\Boot.php(351): CodeIgniter\CLI\Console->run()
#12 C:\Users\natan\OneDrive\Documents\Semester 5\tubesTST\tugas2\system\Boot.php(104): CodeIgniter\Boot::runCommand(Object(CodeIgniter\CLI\Console))
#13 C:\Users\natan\OneDrive\Documents\Semester 5\tubesTST\tugas2\spark(84): CodeIgniter\Boot::bootSpark(Object(Config\Paths))
#14 {main}
INFO - 2025-01-09 17:09:56 --> Session: Class initialized using 'CodeIgniter\Session\Handlers\FileHandler' driver.
ERROR - 2025-01-09 17:26:15 --> Error connecting to the database: ErrorException: pg_connect(): Unable to connect to PostgreSQL server: could not translate host name &quot;db&quot; to address: Unknown host in C:\Users\natan\OneDrive\Documents\Semester 5\tubesTST\tugas2\system\Database\Postgre\Connection.php:77
Stack trace:
#0 [internal function]: CodeIgniter\Debug\Exceptions->errorHandler(2, 'pg_connect(): U...', 'C:\\Users\\natan\\...', 77)
#1 C:\Users\natan\OneDrive\Documents\Semester 5\tubesTST\tugas2\system\Database\Postgre\Connection.php(77): pg_connect('host=db port=54...')
#2 C:\Users\natan\OneDrive\Documents\Semester 5\tubesTST\tugas2\system\Database\BaseConnection.php(421): CodeIgniter\Database\Postgre\Connection->connect(false)
#3 C:\Users\natan\OneDrive\Documents\Semester 5\tubesTST\tugas2\system\Database\BaseConnection.php(616): CodeIgniter\Database\BaseConnection->initialize()
#4 C:\Users\natan\OneDrive\Documents\Semester 5\tubesTST\tugas2\system\Database\BaseBuilder.php(1644): CodeIgniter\Database\BaseConnection->query('SELECT *\nFROM "...', Array, false)
#5 C:\Users\natan\OneDrive\Documents\Semester 5\tubesTST\tugas2\system\Model.php(330): CodeIgniter\Database\BaseBuilder->get()
#6 C:\Users\natan\OneDrive\Documents\Semester 5\tubesTST\tugas2\system\BaseModel.php(714): CodeIgniter\Model->doFirst()
#7 C:\Users\natan\OneDrive\Documents\Semester 5\tubesTST\tugas2\app\Controllers\AuthController.php(60): CodeIgniter\BaseModel->first()
#8 C:\Users\natan\OneDrive\Documents\Semester 5\tubesTST\tugas2\system\CodeIgniter.php(933): App\Controllers\AuthController->login()
#9 C:\Users\natan\OneDrive\Documents\Semester 5\tubesTST\tugas2\system\CodeIgniter.php(509): CodeIgniter\CodeIgniter->runController(Object(App\Controllers\AuthController))
#10 C:\Users\natan\OneDrive\Documents\Semester 5\tubesTST\tugas2\system\CodeIgniter.php(355): CodeIgniter\CodeIgniter->handleRequest(NULL, Object(Config\Cache), false)
#11 C:\Users\natan\OneDrive\Documents\Semester 5\tubesTST\tugas2\system\Boot.php(325): CodeIgniter\CodeIgniter->run()
#12 C:\Users\natan\OneDrive\Documents\Semester 5\tubesTST\tugas2\system\Boot.php(67): CodeIgniter\Boot::runCodeIgniter(Object(CodeIgniter\CodeIgniter))
#13 C:\Users\natan\OneDrive\Documents\Semester 5\tubesTST\tugas2\public\index.php(56): CodeIgniter\Boot::bootWeb(Object(Config\Paths))
#14 C:\Users\natan\OneDrive\Documents\Semester 5\tubesTST\tugas2\system\rewrite.php(44): require_once('C:\\Users\\natan\\...')
#15 {main}
CRITICAL - 2025-01-09 17:26:15 --> CodeIgniter\Database\Exceptions\DatabaseException: Unable to connect to the database.
Main connection [Postgre]: pg_connect(): Unable to connect to PostgreSQL server: could not translate host name &quot;db&quot; to address: Unknown host
[Method: POST, Route: auth/login]
in SYSTEMPATH\Database\BaseConnection.php on line 467.
 1 SYSTEMPATH\Database\BaseConnection.php(616): CodeIgniter\Database\BaseConnection->initialize()
 2 SYSTEMPATH\Database\BaseBuilder.php(1644): CodeIgniter\Database\BaseConnection->query('SELECT *
FROM "users"
WHERE "email" = :email:
 LIMIT 1', [...], false)
 3 SYSTEMPATH\Model.php(330): CodeIgniter\Database\BaseBuilder->get()
 4 SYSTEMPATH\BaseModel.php(714): CodeIgniter\Model->doFirst()
 5 APPPATH\Controllers\AuthController.php(60): CodeIgniter\BaseModel->first()
 6 SYSTEMPATH\CodeIgniter.php(933): App\Controllers\AuthController->login()
 7 SYSTEMPATH\CodeIgniter.php(509): CodeIgniter\CodeIgniter->runController(Object(App\Controllers\AuthController))
 8 SYSTEMPATH\CodeIgniter.php(355): CodeIgniter\CodeIgniter->handleRequest(null, Object(Config\Cache), false)
 9 SYSTEMPATH\Boot.php(325): CodeIgniter\CodeIgniter->run()
10 SYSTEMPATH\Boot.php(67): CodeIgniter\Boot::runCodeIgniter(Object(CodeIgniter\CodeIgniter))
11 FCPATH\index.php(56): CodeIgniter\Boot::bootWeb(Object(Config\Paths))
12 SYSTEMPATH\rewrite.php(44): require_once('C:\\Users\\natan\\OneDrive\\Documents\\Semester 5\\tubesTST\\tugas2\\public\\index.php')
ERROR - 2025-01-09 17:32:26 --> Error connecting to the database: ErrorException: pg_connect(): Unable to connect to PostgreSQL server: could not translate host name &quot;db&quot; to address: Unknown host in C:\Users\natan\OneDrive\Documents\Semester 5\tubesTST\tugas2\system\Database\Postgre\Connection.php:77
Stack trace:
#0 [internal function]: CodeIgniter\Debug\Exceptions->errorHandler(2, 'pg_connect(): U...', 'C:\\Users\\natan\\...', 77)
#1 C:\Users\natan\OneDrive\Documents\Semester 5\tubesTST\tugas2\system\Database\Postgre\Connection.php(77): pg_connect('host=db port=54...')
#2 C:\Users\natan\OneDrive\Documents\Semester 5\tubesTST\tugas2\system\Database\BaseConnection.php(421): CodeIgniter\Database\Postgre\Connection->connect(false)
#3 C:\Users\natan\OneDrive\Documents\Semester 5\tubesTST\tugas2\system\Database\BaseConnection.php(616): CodeIgniter\Database\BaseConnection->initialize()
#4 C:\Users\natan\OneDrive\Documents\Semester 5\tubesTST\tugas2\system\Database\BaseBuilder.php(2340): CodeIgniter\Database\BaseConnection->query('INSERT INTO "us...', Array, false)
#5 C:\Users\natan\OneDrive\Documents\Semester 5\tubesTST\tugas2\system\Model.php(394): CodeIgniter\Database\BaseBuilder->insert()
#6 C:\Users\natan\OneDrive\Documents\Semester 5\tubesTST\tugas2\system\BaseModel.php(840): CodeIgniter\Model->doInsert(Array)
#7 C:\Users\natan\OneDrive\Documents\Semester 5\tubesTST\tugas2\system\Model.php(802): CodeIgniter\BaseModel->insert(Array, true)
#8 C:\Users\natan\OneDrive\Documents\Semester 5\tubesTST\tugas2\app\Controllers\AuthController.php(41): CodeIgniter\Model->insert(Array)
#9 C:\Users\natan\OneDrive\Documents\Semester 5\tubesTST\tugas2\system\CodeIgniter.php(933): App\Controllers\AuthController->register()
#10 C:\Users\natan\OneDrive\Documents\Semester 5\tubesTST\tugas2\system\CodeIgniter.php(509): CodeIgniter\CodeIgniter->runController(Object(App\Controllers\AuthController))
#11 C:\Users\natan\OneDrive\Documents\Semester 5\tubesTST\tugas2\system\CodeIgniter.php(355): CodeIgniter\CodeIgniter->handleRequest(NULL, Object(Config\Cache), false)
#12 C:\Users\natan\OneDrive\Documents\Semester 5\tubesTST\tugas2\system\Boot.php(325): CodeIgniter\CodeIgniter->run()
#13 C:\Users\natan\OneDrive\Documents\Semester 5\tubesTST\tugas2\system\Boot.php(67): CodeIgniter\Boot::runCodeIgniter(Object(CodeIgniter\CodeIgniter))
#14 C:\Users\natan\OneDrive\Documents\Semester 5\tubesTST\tugas2\public\index.php(56): CodeIgniter\Boot::bootWeb(Object(Config\Paths))
#15 C:\Users\natan\OneDrive\Documents\Semester 5\tubesTST\tugas2\system\rewrite.php(44): require_once('C:\\Users\\natan\\...')
#16 {main}
CRITICAL - 2025-01-09 17:32:26 --> CodeIgniter\Database\Exceptions\DatabaseException: Unable to connect to the database.
Main connection [Postgre]: pg_connect(): Unable to connect to PostgreSQL server: could not translate host name &quot;db&quot; to address: Unknown host
[Method: POST, Route: auth/register]
in SYSTEMPATH\Database\BaseConnection.php on line 467.
 1 SYSTEMPATH\Database\BaseConnection.php(616): CodeIgniter\Database\BaseConnection->initialize()
 2 SYSTEMPATH\Database\BaseBuilder.php(2340): CodeIgniter\Database\BaseConnection->query('INSERT INTO "users" ("username", "email", "password", "role") VALUES (:username:, :email:, :password:, :role:)', [...], false)
 3 SYSTEMPATH\Model.php(394): CodeIgniter\Database\BaseBuilder->insert()
 4 SYSTEMPATH\BaseModel.php(840): CodeIgniter\Model->doInsert([...])
 5 SYSTEMPATH\Model.php(802): CodeIgniter\BaseModel->insert([...], true)
 6 APPPATH\Controllers\AuthController.php(41): CodeIgniter\Model->insert([...])
 7 SYSTEMPATH\CodeIgniter.php(933): App\Controllers\AuthController->register()
 8 SYSTEMPATH\CodeIgniter.php(509): CodeIgniter\CodeIgniter->runController(Object(App\Controllers\AuthController))
 9 SYSTEMPATH\CodeIgniter.php(355): CodeIgniter\CodeIgniter->handleRequest(null, Object(Config\Cache), false)
10 SYSTEMPATH\Boot.php(325): CodeIgniter\CodeIgniter->run()
11 SYSTEMPATH\Boot.php(67): CodeIgniter\Boot::runCodeIgniter(Object(CodeIgniter\CodeIgniter))
12 FCPATH\index.php(56): CodeIgniter\Boot::bootWeb(Object(Config\Paths))
13 SYSTEMPATH\rewrite.php(44): require_once('C:\\Users\\natan\\OneDrive\\Documents\\Semester 5\\tubesTST\\tugas2\\public\\index.php')
ERROR - 2025-01-09 17:42:45 --> Error connecting to the database: ErrorException: pg_connect(): Unable to connect to PostgreSQL server: could not translate host name &quot;db&quot; to address: Unknown host in C:\Users\natan\OneDrive\Documents\Semester 5\tubesTST\tugas2\system\Database\Postgre\Connection.php:77
Stack trace:
#0 [internal function]: CodeIgniter\Debug\Exceptions->errorHandler(2, 'pg_connect(): U...', 'C:\\Users\\natan\\...', 77)
#1 C:\Users\natan\OneDrive\Documents\Semester 5\tubesTST\tugas2\system\Database\Postgre\Connection.php(77): pg_connect('host=db port=54...')
#2 C:\Users\natan\OneDrive\Documents\Semester 5\tubesTST\tugas2\system\Database\BaseConnection.php(421): CodeIgniter\Database\Postgre\Connection->connect(false)
#3 C:\Users\natan\OneDrive\Documents\Semester 5\tubesTST\tugas2\system\Database\BaseConnection.php(616): CodeIgniter\Database\BaseConnection->initialize()
#4 C:\Users\natan\OneDrive\Documents\Semester 5\tubesTST\tugas2\system\Database\BaseBuilder.php(1644): CodeIgniter\Database\BaseConnection->query('SELECT *\nFROM "...', Array, false)
#5 C:\Users\natan\OneDrive\Documents\Semester 5\tubesTST\tugas2\system\Model.php(330): CodeIgniter\Database\BaseBuilder->get()
#6 C:\Users\natan\OneDrive\Documents\Semester 5\tubesTST\tugas2\system\BaseModel.php(714): CodeIgniter\Model->doFirst()
#7 C:\Users\natan\OneDrive\Documents\Semester 5\tubesTST\tugas2\app\Controllers\AuthController.php(60): CodeIgniter\BaseModel->first()
#8 C:\Users\natan\OneDrive\Documents\Semester 5\tubesTST\tugas2\system\CodeIgniter.php(933): App\Controllers\AuthController->login()
#9 C:\Users\natan\OneDrive\Documents\Semester 5\tubesTST\tugas2\system\CodeIgniter.php(509): CodeIgniter\CodeIgniter->runController(Object(App\Controllers\AuthController))
#10 C:\Users\natan\OneDrive\Documents\Semester 5\tubesTST\tugas2\system\CodeIgniter.php(355): CodeIgniter\CodeIgniter->handleRequest(NULL, Object(Config\Cache), false)
#11 C:\Users\natan\OneDrive\Documents\Semester 5\tubesTST\tugas2\system\Boot.php(325): CodeIgniter\CodeIgniter->run()
#12 C:\Users\natan\OneDrive\Documents\Semester 5\tubesTST\tugas2\system\Boot.php(67): CodeIgniter\Boot::runCodeIgniter(Object(CodeIgniter\CodeIgniter))
#13 C:\Users\natan\OneDrive\Documents\Semester 5\tubesTST\tugas2\public\index.php(56): CodeIgniter\Boot::bootWeb(Object(Config\Paths))
#14 C:\Users\natan\OneDrive\Documents\Semester 5\tubesTST\tugas2\system\rewrite.php(44): require_once('C:\\Users\\natan\\...')
#15 {main}
CRITICAL - 2025-01-09 17:42:45 --> CodeIgniter\Database\Exceptions\DatabaseException: Unable to connect to the database.
Main connection [Postgre]: pg_connect(): Unable to connect to PostgreSQL server: could not translate host name &quot;db&quot; to address: Unknown host
[Method: POST, Route: auth/login]
in SYSTEMPATH\Database\BaseConnection.php on line 467.
 1 SYSTEMPATH\Database\BaseConnection.php(616): CodeIgniter\Database\BaseConnection->initialize()
 2 SYSTEMPATH\Database\BaseBuilder.php(1644): CodeIgniter\Database\BaseConnection->query('SELECT *
FROM "users"
WHERE "email" = :email:
 LIMIT 1', [...], false)
 3 SYSTEMPATH\Model.php(330): CodeIgniter\Database\BaseBuilder->get()
 4 SYSTEMPATH\BaseModel.php(714): CodeIgniter\Model->doFirst()
 5 APPPATH\Controllers\AuthController.php(60): CodeIgniter\BaseModel->first()
 6 SYSTEMPATH\CodeIgniter.php(933): App\Controllers\AuthController->login()
 7 SYSTEMPATH\CodeIgniter.php(509): CodeIgniter\CodeIgniter->runController(Object(App\Controllers\AuthController))
 8 SYSTEMPATH\CodeIgniter.php(355): CodeIgniter\CodeIgniter->handleRequest(null, Object(Config\Cache), false)
 9 SYSTEMPATH\Boot.php(325): CodeIgniter\CodeIgniter->run()
10 SYSTEMPATH\Boot.php(67): CodeIgniter\Boot::runCodeIgniter(Object(CodeIgniter\CodeIgniter))
11 FCPATH\index.php(56): CodeIgniter\Boot::bootWeb(Object(Config\Paths))
12 SYSTEMPATH\rewrite.php(44): require_once('C:\\Users\\natan\\OneDrive\\Documents\\Semester 5\\tubesTST\\tugas2\\public\\index.php')
INFO - 2025-01-09 17:43:48 --> Session: Class initialized using 'CodeIgniter\Session\Handlers\FileHandler' driver.
ERROR - 2025-01-09 17:43:51 --> Error connecting to the database: ErrorException: pg_connect(): Unable to connect to PostgreSQL server: could not translate host name &quot;db&quot; to address: Unknown host in C:\Users\natan\OneDrive\Documents\Semester 5\tubesTST\tugas2\system\Database\Postgre\Connection.php:77
Stack trace:
#0 [internal function]: CodeIgniter\Debug\Exceptions->errorHandler(2, 'pg_connect(): U...', 'C:\\Users\\natan\\...', 77)
#1 C:\Users\natan\OneDrive\Documents\Semester 5\tubesTST\tugas2\system\Database\Postgre\Connection.php(77): pg_connect('host=db port=54...')
#2 C:\Users\natan\OneDrive\Documents\Semester 5\tubesTST\tugas2\system\Database\BaseConnection.php(421): CodeIgniter\Database\Postgre\Connection->connect(false)
#3 C:\Users\natan\OneDrive\Documents\Semester 5\tubesTST\tugas2\system\Database\BaseConnection.php(616): CodeIgniter\Database\BaseConnection->initialize()
#4 C:\Users\natan\OneDrive\Documents\Semester 5\tubesTST\tugas2\system\Database\BaseBuilder.php(1644): CodeIgniter\Database\BaseConnection->query('SELECT *\nFROM "...', Array, false)
#5 C:\Users\natan\OneDrive\Documents\Semester 5\tubesTST\tugas2\system\Model.php(286): CodeIgniter\Database\BaseBuilder->get()
#6 C:\Users\natan\OneDrive\Documents\Semester 5\tubesTST\tugas2\system\BaseModel.php(676): CodeIgniter\Model->doFindAll(0, 0)
#7 C:\Users\natan\OneDrive\Documents\Semester 5\tubesTST\tugas2\app\Models\TopicsModel.php(20): CodeIgniter\BaseModel->findAll(0, 0)
#8 C:\Users\natan\OneDrive\Documents\Semester 5\tubesTST\tugas2\app\Controllers\TopicsController.php(13): App\Models\TopicsModel->findAll()
#9 C:\Users\natan\OneDrive\Documents\Semester 5\tubesTST\tugas2\system\CodeIgniter.php(933): App\Controllers\TopicsController->showTopics()
#10 C:\Users\natan\OneDrive\Documents\Semester 5\tubesTST\tugas2\system\CodeIgniter.php(509): CodeIgniter\CodeIgniter->runController(Object(App\Controllers\TopicsController))
#11 C:\Users\natan\OneDrive\Documents\Semester 5\tubesTST\tugas2\system\CodeIgniter.php(355): CodeIgniter\CodeIgniter->handleRequest(NULL, Object(Config\Cache), false)
#12 C:\Users\natan\OneDrive\Documents\Semester 5\tubesTST\tugas2\system\Boot.php(325): CodeIgniter\CodeIgniter->run()
#13 C:\Users\natan\OneDrive\Documents\Semester 5\tubesTST\tugas2\system\Boot.php(67): CodeIgniter\Boot::runCodeIgniter(Object(CodeIgniter\CodeIgniter))
#14 C:\Users\natan\OneDrive\Documents\Semester 5\tubesTST\tugas2\public\index.php(56): CodeIgniter\Boot::bootWeb(Object(Config\Paths))
#15 C:\Users\natan\OneDrive\Documents\Semester 5\tubesTST\tugas2\system\rewrite.php(44): require_once('C:\\Users\\natan\\...')
#16 {main}
CRITICAL - 2025-01-09 17:43:51 --> CodeIgniter\Database\Exceptions\DatabaseException: Unable to connect to the database.
Main connection [Postgre]: pg_connect(): Unable to connect to PostgreSQL server: could not translate host name &quot;db&quot; to address: Unknown host
[Method: GET, Route: topik]
in SYSTEMPATH\Database\BaseConnection.php on line 467.
 1 SYSTEMPATH\Database\BaseConnection.php(616): CodeIgniter\Database\BaseConnection->initialize()
 2 SYSTEMPATH\Database\BaseBuilder.php(1644): CodeIgniter\Database\BaseConnection->query('SELECT *
FROM "topics"
ORDER BY "id" ASC', [], false)
 3 SYSTEMPATH\Model.php(286): CodeIgniter\Database\BaseBuilder->get()
 4 SYSTEMPATH\BaseModel.php(676): CodeIgniter\Model->doFindAll(0, 0)
 5 APPPATH\Models\TopicsModel.php(20): CodeIgniter\BaseModel->findAll(0, 0)
 6 APPPATH\Controllers\TopicsController.php(13): App\Models\TopicsModel->findAll()
 7 SYSTEMPATH\CodeIgniter.php(933): App\Controllers\TopicsController->showTopics()
 8 SYSTEMPATH\CodeIgniter.php(509): CodeIgniter\CodeIgniter->runController(Object(App\Controllers\TopicsController))
 9 SYSTEMPATH\CodeIgniter.php(355): CodeIgniter\CodeIgniter->handleRequest(null, Object(Config\Cache), false)
10 SYSTEMPATH\Boot.php(325): CodeIgniter\CodeIgniter->run()
11 SYSTEMPATH\Boot.php(67): CodeIgniter\Boot::runCodeIgniter(Object(CodeIgniter\CodeIgniter))
12 FCPATH\index.php(56): CodeIgniter\Boot::bootWeb(Object(Config\Paths))
13 SYSTEMPATH\rewrite.php(44): require_once('C:\\Users\\natan\\OneDrive\\Documents\\Semester 5\\tubesTST\\tugas2\\public\\index.php')
INFO - 2025-01-09 17:43:51 --> Session: Class initialized using 'CodeIgniter\Session\Handlers\FileHandler' driver.
ERROR - 2025-01-09 17:43:53 --> Error connecting to the database: ErrorException: pg_connect(): Unable to connect to PostgreSQL server: could not translate host name &quot;db&quot; to address: Unknown host in C:\Users\natan\OneDrive\Documents\Semester 5\tubesTST\tugas2\system\Database\Postgre\Connection.php:77
Stack trace:
#0 [internal function]: CodeIgniter\Debug\Exceptions->errorHandler(2, 'pg_connect(): U...', 'C:\\Users\\natan\\...', 77)
#1 C:\Users\natan\OneDrive\Documents\Semester 5\tubesTST\tugas2\system\Database\Postgre\Connection.php(77): pg_connect('host=db port=54...')
#2 C:\Users\natan\OneDrive\Documents\Semester 5\tubesTST\tugas2\system\Database\BaseConnection.php(421): CodeIgniter\Database\Postgre\Connection->connect(false)
#3 C:\Users\natan\OneDrive\Documents\Semester 5\tubesTST\tugas2\system\Database\BaseConnection.php(616): CodeIgniter\Database\BaseConnection->initialize()
#4 C:\Users\natan\OneDrive\Documents\Semester 5\tubesTST\tugas2\system\Database\BaseBuilder.php(1644): CodeIgniter\Database\BaseConnection->query('SELECT *\nFROM "...', Array, false)
#5 C:\Users\natan\OneDrive\Documents\Semester 5\tubesTST\tugas2\system\Model.php(286): CodeIgniter\Database\BaseBuilder->get()
#6 C:\Users\natan\OneDrive\Documents\Semester 5\tubesTST\tugas2\system\BaseModel.php(676): CodeIgniter\Model->doFindAll(0, 0)
#7 C:\Users\natan\OneDrive\Documents\Semester 5\tubesTST\tugas2\app\Models\TopicsModel.php(20): CodeIgniter\BaseModel->findAll(0, 0)
#8 C:\Users\natan\OneDrive\Documents\Semester 5\tubesTST\tugas2\app\Controllers\TopicsController.php(13): App\Models\TopicsModel->findAll()
#9 C:\Users\natan\OneDrive\Documents\Semester 5\tubesTST\tugas2\system\CodeIgniter.php(933): App\Controllers\TopicsController->showTopics()
#10 C:\Users\natan\OneDrive\Documents\Semester 5\tubesTST\tugas2\system\CodeIgniter.php(509): CodeIgniter\CodeIgniter->runController(Object(App\Controllers\TopicsController))
#11 C:\Users\natan\OneDrive\Documents\Semester 5\tubesTST\tugas2\system\CodeIgniter.php(355): CodeIgniter\CodeIgniter->handleRequest(NULL, Object(Config\Cache), false)
#12 C:\Users\natan\OneDrive\Documents\Semester 5\tubesTST\tugas2\system\Boot.php(325): CodeIgniter\CodeIgniter->run()
#13 C:\Users\natan\OneDrive\Documents\Semester 5\tubesTST\tugas2\system\Boot.php(67): CodeIgniter\Boot::runCodeIgniter(Object(CodeIgniter\CodeIgniter))
#14 C:\Users\natan\OneDrive\Documents\Semester 5\tubesTST\tugas2\public\index.php(56): CodeIgniter\Boot::bootWeb(Object(Config\Paths))
#15 C:\Users\natan\OneDrive\Documents\Semester 5\tubesTST\tugas2\system\rewrite.php(44): require_once('C:\\Users\\natan\\...')
#16 {main}
CRITICAL - 2025-01-09 17:43:53 --> CodeIgniter\Database\Exceptions\DatabaseException: Unable to connect to the database.
Main connection [Postgre]: pg_connect(): Unable to connect to PostgreSQL server: could not translate host name &quot;db&quot; to address: Unknown host
[Method: GET, Route: topik]
in SYSTEMPATH\Database\BaseConnection.php on line 467.
 1 SYSTEMPATH\Database\BaseConnection.php(616): CodeIgniter\Database\BaseConnection->initialize()
 2 SYSTEMPATH\Database\BaseBuilder.php(1644): CodeIgniter\Database\BaseConnection->query('SELECT *
FROM "topics"
ORDER BY "id" ASC', [], false)
 3 SYSTEMPATH\Model.php(286): CodeIgniter\Database\BaseBuilder->get()
 4 SYSTEMPATH\BaseModel.php(676): CodeIgniter\Model->doFindAll(0, 0)
 5 APPPATH\Models\TopicsModel.php(20): CodeIgniter\BaseModel->findAll(0, 0)
 6 APPPATH\Controllers\TopicsController.php(13): App\Models\TopicsModel->findAll()
 7 SYSTEMPATH\CodeIgniter.php(933): App\Controllers\TopicsController->showTopics()
 8 SYSTEMPATH\CodeIgniter.php(509): CodeIgniter\CodeIgniter->runController(Object(App\Controllers\TopicsController))
 9 SYSTEMPATH\CodeIgniter.php(355): CodeIgniter\CodeIgniter->handleRequest(null, Object(Config\Cache), false)
10 SYSTEMPATH\Boot.php(325): CodeIgniter\CodeIgniter->run()
11 SYSTEMPATH\Boot.php(67): CodeIgniter\Boot::runCodeIgniter(Object(CodeIgniter\CodeIgniter))
12 FCPATH\index.php(56): CodeIgniter\Boot::bootWeb(Object(Config\Paths))
13 SYSTEMPATH\rewrite.php(44): require_once('C:\\Users\\natan\\OneDrive\\Documents\\Semester 5\\tubesTST\\tugas2\\public\\index.php')
ERROR - 2025-01-09 17:47:20 --> Error connecting to the database: ErrorException: pg_connect(): Unable to connect to PostgreSQL server: could not translate host name &quot;db&quot; to address: Unknown host in C:\Users\natan\OneDrive\Documents\Semester 5\tubesTST\tugas2\system\Database\Postgre\Connection.php:77
Stack trace:
#0 [internal function]: CodeIgniter\Debug\Exceptions->errorHandler(2, 'pg_connect(): U...', 'C:\\Users\\natan\\...', 77)
#1 C:\Users\natan\OneDrive\Documents\Semester 5\tubesTST\tugas2\system\Database\Postgre\Connection.php(77): pg_connect('host=db port=54...')
#2 C:\Users\natan\OneDrive\Documents\Semester 5\tubesTST\tugas2\system\Database\BaseConnection.php(421): CodeIgniter\Database\Postgre\Connection->connect(false)
#3 C:\Users\natan\OneDrive\Documents\Semester 5\tubesTST\tugas2\system\Database\BaseConnection.php(616): CodeIgniter\Database\BaseConnection->initialize()
#4 C:\Users\natan\OneDrive\Documents\Semester 5\tubesTST\tugas2\system\Database\BaseBuilder.php(1644): CodeIgniter\Database\BaseConnection->query('SELECT *\nFROM "...', Array, false)
#5 C:\Users\natan\OneDrive\Documents\Semester 5\tubesTST\tugas2\system\Model.php(330): CodeIgniter\Database\BaseBuilder->get()
#6 C:\Users\natan\OneDrive\Documents\Semester 5\tubesTST\tugas2\system\BaseModel.php(714): CodeIgniter\Model->doFirst()
#7 C:\Users\natan\OneDrive\Documents\Semester 5\tubesTST\tugas2\app\Controllers\AuthController.php(60): CodeIgniter\BaseModel->first()
#8 C:\Users\natan\OneDrive\Documents\Semester 5\tubesTST\tugas2\system\CodeIgniter.php(933): App\Controllers\AuthController->login()
#9 C:\Users\natan\OneDrive\Documents\Semester 5\tubesTST\tugas2\system\CodeIgniter.php(509): CodeIgniter\CodeIgniter->runController(Object(App\Controllers\AuthController))
#10 C:\Users\natan\OneDrive\Documents\Semester 5\tubesTST\tugas2\system\CodeIgniter.php(355): CodeIgniter\CodeIgniter->handleRequest(NULL, Object(Config\Cache), false)
#11 C:\Users\natan\OneDrive\Documents\Semester 5\tubesTST\tugas2\system\Boot.php(325): CodeIgniter\CodeIgniter->run()
#12 C:\Users\natan\OneDrive\Documents\Semester 5\tubesTST\tugas2\system\Boot.php(67): CodeIgniter\Boot::runCodeIgniter(Object(CodeIgniter\CodeIgniter))
#13 C:\Users\natan\OneDrive\Documents\Semester 5\tubesTST\tugas2\public\index.php(56): CodeIgniter\Boot::bootWeb(Object(Config\Paths))
#14 C:\Users\natan\OneDrive\Documents\Semester 5\tubesTST\tugas2\system\rewrite.php(44): require_once('C:\\Users\\natan\\...')
#15 {main}
CRITICAL - 2025-01-09 17:47:20 --> CodeIgniter\Database\Exceptions\DatabaseException: Unable to connect to the database.
Main connection [Postgre]: pg_connect(): Unable to connect to PostgreSQL server: could not translate host name &quot;db&quot; to address: Unknown host
[Method: POST, Route: auth/login]
in SYSTEMPATH\Database\BaseConnection.php on line 467.
 1 SYSTEMPATH\Database\BaseConnection.php(616): CodeIgniter\Database\BaseConnection->initialize()
 2 SYSTEMPATH\Database\BaseBuilder.php(1644): CodeIgniter\Database\BaseConnection->query('SELECT *
FROM "users"
WHERE "email" = :email:
 LIMIT 1', [...], false)
 3 SYSTEMPATH\Model.php(330): CodeIgniter\Database\BaseBuilder->get()
 4 SYSTEMPATH\BaseModel.php(714): CodeIgniter\Model->doFirst()
 5 APPPATH\Controllers\AuthController.php(60): CodeIgniter\BaseModel->first()
 6 SYSTEMPATH\CodeIgniter.php(933): App\Controllers\AuthController->login()
 7 SYSTEMPATH\CodeIgniter.php(509): CodeIgniter\CodeIgniter->runController(Object(App\Controllers\AuthController))
 8 SYSTEMPATH\CodeIgniter.php(355): CodeIgniter\CodeIgniter->handleRequest(null, Object(Config\Cache), false)
 9 SYSTEMPATH\Boot.php(325): CodeIgniter\CodeIgniter->run()
10 SYSTEMPATH\Boot.php(67): CodeIgniter\Boot::runCodeIgniter(Object(CodeIgniter\CodeIgniter))
11 FCPATH\index.php(56): CodeIgniter\Boot::bootWeb(Object(Config\Paths))
12 SYSTEMPATH\rewrite.php(44): require_once('C:\\Users\\natan\\OneDrive\\Documents\\Semester 5\\tubesTST\\tugas2\\public\\index.php')
ERROR - 2025-01-09 17:47:23 --> Error connecting to the database: ErrorException: pg_connect(): Unable to connect to PostgreSQL server: could not translate host name &quot;db&quot; to address: Unknown host in C:\Users\natan\OneDrive\Documents\Semester 5\tubesTST\tugas2\system\Database\Postgre\Connection.php:77
Stack trace:
#0 [internal function]: CodeIgniter\Debug\Exceptions->errorHandler(2, 'pg_connect(): U...', 'C:\\Users\\natan\\...', 77)
#1 C:\Users\natan\OneDrive\Documents\Semester 5\tubesTST\tugas2\system\Database\Postgre\Connection.php(77): pg_connect('host=db port=54...')
#2 C:\Users\natan\OneDrive\Documents\Semester 5\tubesTST\tugas2\system\Database\BaseConnection.php(421): CodeIgniter\Database\Postgre\Connection->connect(false)
#3 C:\Users\natan\OneDrive\Documents\Semester 5\tubesTST\tugas2\system\Database\BaseConnection.php(616): CodeIgniter\Database\BaseConnection->initialize()
#4 C:\Users\natan\OneDrive\Documents\Semester 5\tubesTST\tugas2\system\Database\BaseBuilder.php(1644): CodeIgniter\Database\BaseConnection->query('SELECT *\nFROM "...', Array, false)
#5 C:\Users\natan\OneDrive\Documents\Semester 5\tubesTST\tugas2\system\Model.php(330): CodeIgniter\Database\BaseBuilder->get()
#6 C:\Users\natan\OneDrive\Documents\Semester 5\tubesTST\tugas2\system\BaseModel.php(714): CodeIgniter\Model->doFirst()
#7 C:\Users\natan\OneDrive\Documents\Semester 5\tubesTST\tugas2\app\Controllers\AuthController.php(60): CodeIgniter\BaseModel->first()
#8 C:\Users\natan\OneDrive\Documents\Semester 5\tubesTST\tugas2\system\CodeIgniter.php(933): App\Controllers\AuthController->login()
#9 C:\Users\natan\OneDrive\Documents\Semester 5\tubesTST\tugas2\system\CodeIgniter.php(509): CodeIgniter\CodeIgniter->runController(Object(App\Controllers\AuthController))
#10 C:\Users\natan\OneDrive\Documents\Semester 5\tubesTST\tugas2\system\CodeIgniter.php(355): CodeIgniter\CodeIgniter->handleRequest(NULL, Object(Config\Cache), false)
#11 C:\Users\natan\OneDrive\Documents\Semester 5\tubesTST\tugas2\system\Boot.php(325): CodeIgniter\CodeIgniter->run()
#12 C:\Users\natan\OneDrive\Documents\Semester 5\tubesTST\tugas2\system\Boot.php(67): CodeIgniter\Boot::runCodeIgniter(Object(CodeIgniter\CodeIgniter))
#13 C:\Users\natan\OneDrive\Documents\Semester 5\tubesTST\tugas2\public\index.php(56): CodeIgniter\Boot::bootWeb(Object(Config\Paths))
#14 C:\Users\natan\OneDrive\Documents\Semester 5\tubesTST\tugas2\system\rewrite.php(44): require_once('C:\\Users\\natan\\...')
#15 {main}
CRITICAL - 2025-01-09 17:47:23 --> CodeIgniter\Database\Exceptions\DatabaseException: Unable to connect to the database.
Main connection [Postgre]: pg_connect(): Unable to connect to PostgreSQL server: could not translate host name &quot;db&quot; to address: Unknown host
[Method: POST, Route: auth/login]
in SYSTEMPATH\Database\BaseConnection.php on line 467.
 1 SYSTEMPATH\Database\BaseConnection.php(616): CodeIgniter\Database\BaseConnection->initialize()
 2 SYSTEMPATH\Database\BaseBuilder.php(1644): CodeIgniter\Database\BaseConnection->query('SELECT *
FROM "users"
WHERE "email" = :email:
 LIMIT 1', [...], false)
 3 SYSTEMPATH\Model.php(330): CodeIgniter\Database\BaseBuilder->get()
 4 SYSTEMPATH\BaseModel.php(714): CodeIgniter\Model->doFirst()
 5 APPPATH\Controllers\AuthController.php(60): CodeIgniter\BaseModel->first()
 6 SYSTEMPATH\CodeIgniter.php(933): App\Controllers\AuthController->login()
 7 SYSTEMPATH\CodeIgniter.php(509): CodeIgniter\CodeIgniter->runController(Object(App\Controllers\AuthController))
 8 SYSTEMPATH\CodeIgniter.php(355): CodeIgniter\CodeIgniter->handleRequest(null, Object(Config\Cache), false)
 9 SYSTEMPATH\Boot.php(325): CodeIgniter\CodeIgniter->run()
10 SYSTEMPATH\Boot.php(67): CodeIgniter\Boot::runCodeIgniter(Object(CodeIgniter\CodeIgniter))
11 FCPATH\index.php(56): CodeIgniter\Boot::bootWeb(Object(Config\Paths))
12 SYSTEMPATH\rewrite.php(44): require_once('C:\\Users\\natan\\OneDrive\\Documents\\Semester 5\\tubesTST\\tugas2\\public\\index.php')
ERROR - 2025-01-09 17:56:01 --> Error connecting to the database: ErrorException: pg_connect(): Unable to connect to PostgreSQL server: could not translate host name &quot;db&quot; to address: Unknown host in C:\Users\natan\OneDrive\Documents\Semester 5\tubesTST\tugas2\system\Database\Postgre\Connection.php:77
Stack trace:
#0 [internal function]: CodeIgniter\Debug\Exceptions->errorHandler(2, 'pg_connect(): U...', 'C:\\Users\\natan\\...', 77)
#1 C:\Users\natan\OneDrive\Documents\Semester 5\tubesTST\tugas2\system\Database\Postgre\Connection.php(77): pg_connect('host=db port=54...')
#2 C:\Users\natan\OneDrive\Documents\Semester 5\tubesTST\tugas2\system\Database\BaseConnection.php(421): CodeIgniter\Database\Postgre\Connection->connect(false)
#3 C:\Users\natan\OneDrive\Documents\Semester 5\tubesTST\tugas2\system\Database\BaseConnection.php(616): CodeIgniter\Database\BaseConnection->initialize()
#4 C:\Users\natan\OneDrive\Documents\Semester 5\tubesTST\tugas2\system\Database\BaseBuilder.php(1644): CodeIgniter\Database\BaseConnection->query('SELECT *\nFROM "...', Array, false)
#5 C:\Users\natan\OneDrive\Documents\Semester 5\tubesTST\tugas2\system\Model.php(330): CodeIgniter\Database\BaseBuilder->get()
#6 C:\Users\natan\OneDrive\Documents\Semester 5\tubesTST\tugas2\system\BaseModel.php(714): CodeIgniter\Model->doFirst()
#7 C:\Users\natan\OneDrive\Documents\Semester 5\tubesTST\tugas2\app\Controllers\AuthController.php(60): CodeIgniter\BaseModel->first()
#8 C:\Users\natan\OneDrive\Documents\Semester 5\tubesTST\tugas2\system\CodeIgniter.php(933): App\Controllers\AuthController->login()
#9 C:\Users\natan\OneDrive\Documents\Semester 5\tubesTST\tugas2\system\CodeIgniter.php(509): CodeIgniter\CodeIgniter->runController(Object(App\Controllers\AuthController))
#10 C:\Users\natan\OneDrive\Documents\Semester 5\tubesTST\tugas2\system\CodeIgniter.php(355): CodeIgniter\CodeIgniter->handleRequest(NULL, Object(Config\Cache), false)
#11 C:\Users\natan\OneDrive\Documents\Semester 5\tubesTST\tugas2\system\Boot.php(325): CodeIgniter\CodeIgniter->run()
#12 C:\Users\natan\OneDrive\Documents\Semester 5\tubesTST\tugas2\system\Boot.php(67): CodeIgniter\Boot::runCodeIgniter(Object(CodeIgniter\CodeIgniter))
#13 C:\Users\natan\OneDrive\Documents\Semester 5\tubesTST\tugas2\public\index.php(56): CodeIgniter\Boot::bootWeb(Object(Config\Paths))
#14 C:\Users\natan\OneDrive\Documents\Semester 5\tubesTST\tugas2\system\rewrite.php(44): require_once('C:\\Users\\natan\\...')
#15 {main}
CRITICAL - 2025-01-09 17:56:01 --> CodeIgniter\Database\Exceptions\DatabaseException: Unable to connect to the database.
Main connection [Postgre]: pg_connect(): Unable to connect to PostgreSQL server: could not translate host name &quot;db&quot; to address: Unknown host
[Method: POST, Route: auth/login]
in SYSTEMPATH\Database\BaseConnection.php on line 467.
 1 SYSTEMPATH\Database\BaseConnection.php(616): CodeIgniter\Database\BaseConnection->initialize()
 2 SYSTEMPATH\Database\BaseBuilder.php(1644): CodeIgniter\Database\BaseConnection->query('SELECT *
FROM "users"
WHERE "email" = :email:
 LIMIT 1', [...], false)
 3 SYSTEMPATH\Model.php(330): CodeIgniter\Database\BaseBuilder->get()
 4 SYSTEMPATH\BaseModel.php(714): CodeIgniter\Model->doFirst()
 5 APPPATH\Controllers\AuthController.php(60): CodeIgniter\BaseModel->first()
 6 SYSTEMPATH\CodeIgniter.php(933): App\Controllers\AuthController->login()
 7 SYSTEMPATH\CodeIgniter.php(509): CodeIgniter\CodeIgniter->runController(Object(App\Controllers\AuthController))
 8 SYSTEMPATH\CodeIgniter.php(355): CodeIgniter\CodeIgniter->handleRequest(null, Object(Config\Cache), false)
 9 SYSTEMPATH\Boot.php(325): CodeIgniter\CodeIgniter->run()
10 SYSTEMPATH\Boot.php(67): CodeIgniter\Boot::runCodeIgniter(Object(CodeIgniter\CodeIgniter))
11 FCPATH\index.php(56): CodeIgniter\Boot::bootWeb(Object(Config\Paths))
12 SYSTEMPATH\rewrite.php(44): require_once('C:\\Users\\natan\\OneDrive\\Documents\\Semester 5\\tubesTST\\tugas2\\public\\index.php')
INFO - 2025-01-09 18:46:30 --> Session: Class initialized using 'CodeIgniter\Session\Handlers\FileHandler' driver.
INFO - 2025-01-09 18:52:07 --> Session: Class initialized using 'CodeIgniter\Session\Handlers\FileHandler' driver.
INFO - 2025-01-09 18:52:09 --> Session: Class initialized using 'CodeIgniter\Session\Handlers\FileHandler' driver.
INFO - 2025-01-09 19:17:45 --> Session: Class initialized using 'CodeIgniter\Session\Handlers\FileHandler' driver.
